1704708928983:add bar Mclarens 120
1704708955798:add cashier Malina malina@gmail.com  1500 1
1704708995230:find manager 1
1704709016981:add manager Catalin catalin@gmail.com 2023-11-11 2500
1704709030107:find manager 2
1704710877428:managers
1704710890409:find manager 1
1704710896115:find manager 2
1704712010972:bars
1704712026710:add bar Shadows 200
1704712040440:update bar 1 Caro 200
1704712047389:bars
1704712056905:delete bar 2
1704712060287:delete bar 1
1704712208212:bars
1704727451948:find bar
1704727457025:find bar 1
1704727466936:bars
1704727526904:add bar Caro 20
1704727550866:update bar 1 Caro2 20
